2021/01/26-13:58 [restartedMain] INFO  com.example.lsmock.LsmockApplication- Starting LsmockApplication on ZB-PF0V8953 with PID 17644 (D:\lsmock_git\target\classes started by lishuai228 in D:\lsmock_git)
2021/01/26-13:58 [restartedMain] INFO  com.example.lsmock.LsmockApplication- No active profile set, falling back to default profiles: default
2021/01/26-13:58 [restartedMain] INFO  org.springframework.boot.devtools.env.DevToolsPropertyDefaultsPostProcessor- Devtools property defaults active! Set 'spring.devtools.add-properties' to 'false' to disable
2021/01/26-13:58 [restartedMain] INFO  org.springframework.boot.devtools.env.DevToolsPropertyDefaultsPostProcessor- For additional web related logging consider setting the 'logging.level.web' property to 'DEBUG'
2021/01/26-13:59 [restartedMain] INFO  org.springframework.context.support.PostProcessorRegistrationDelegate$BeanPostProcessorChecker- Bean 'org.springframework.transaction.annotation.ProxyTransactionManagementConfiguration' of type [org.springframework.transaction.annotation.ProxyTransactionManagementConfiguration$$EnhancerBySpringCGLIB$$b827b2f] is not eligible for getting processed by all BeanPostProcessors (for example: not eligible for auto-proxying)
2021/01/26-13:59 [restartedMain] INFO  org.springframework.boot.web.embedded.tomcat.TomcatWebServer- Tomcat initialized with port(s): 8011 (http)
2021/01/26-13:59 [restartedMain] INFO  org.apache.catalina.core.StandardService- Starting service [Tomcat]
2021/01/26-13:59 [restartedMain] INFO  org.apache.catalina.core.StandardEngine- Starting Servlet Engine: Apache Tomcat/9.0.12
2021/01/26-13:59 [restartedMain] INFO  org.apache.catalina.core.AprLifecycleListener- The APR based Apache Tomcat Native library which allows optimal performance in production environments was not found on the java.library.path: [C:\Program Files (x86)\Java\jdk1.8.0_131\bin;C:\Windows\Sun\Java\bin;C:\Windows\system32;C:\Windows;D:\LS\Xshell\;C:\ProgramData\Oracle\Java\javapath;C:\Windows\system32;C:\Windows;C:\Windows\System32\Wbem;C:\Windows\System32\WindowsPowerShell\v1.0\;C:\Windows\System32\OpenSSH\;C:\Program Files\Git\cmd;C:\Program Files\nodejs\;C:\Program Files\Docker\Docker\resources\bin;C:\ProgramData\DockerDesktop\version-bin;C:\Users\lishuai228\AppData\Local\Microsoft\WindowsApps;C:\Users\lishuai228\AppData\Roaming\npm;.]
2021/01/26-13:59 [restartedMain] INFO  org.apache.catalina.core.ContainerBase.[Tomcat].[localhost].[/]- Initializing Spring embedded WebApplicationContext
2021/01/26-13:59 [restartedMain] INFO  org.springframework.web.context.ContextLoader- Root WebApplicationContext: initialization completed in 4910 ms
2021/01/26-13:59 [restartedMain] INFO  org.springframework.boot.web.servlet.ServletRegistrationBean- Servlet dispatcherServlet mapped to [/]
2021/01/26-13:59 [restartedMain] INFO  org.springframework.boot.web.servlet.FilterRegistrationBean- Mapping filter: 'characterEncodingFilter' to: [/*]
2021/01/26-13:59 [restartedMain] INFO  org.springframework.boot.web.servlet.FilterRegistrationBean- Mapping filter: 'hiddenHttpMethodFilter' to: [/*]
2021/01/26-13:59 [restartedMain] INFO  org.springframework.boot.web.servlet.FilterRegistrationBean- Mapping filter: 'formContentFilter' to: [/*]
2021/01/26-13:59 [restartedMain] INFO  org.springframework.boot.web.servlet.FilterRegistrationBean- Mapping filter: 'requestContextFilter' to: [/*]
2021/01/26-13:59 [restartedMain] INFO  springfox.documentation.spring.web.PropertySourcedRequestMappingHandlerMapping- Mapped URL path [/v2/api-docs] onto method [public org.springframework.http.ResponseEntity<springfox.documentation.spring.web.json.Json> springfox.documentation.swagger2.web.Swagger2Controller.getDocumentation(java.lang.String,javax.servlet.http.HttpServletRequest)]
2021/01/26-13:59 [restartedMain] INFO  org.springframework.scheduling.concurrent.ThreadPoolTaskExecutor- Initializing ExecutorService 'applicationTaskExecutor'
2021/01/26-13:59 [restartedMain] INFO  org.springframework.boot.devtools.autoconfigure.OptionalLiveReloadServer- LiveReload server is running on port 35729
2021/01/26-13:59 [restartedMain] INFO  org.springframework.scheduling.concurrent.ThreadPoolTaskScheduler- Initializing ExecutorService 'taskScheduler'
2021/01/26-13:59 [restartedMain] INFO  springfox.documentation.spring.web.plugins.DocumentationPluginsBootstrapper- Context refreshed
2021/01/26-13:59 [restartedMain] INFO  springfox.documentation.spring.web.plugins.DocumentationPluginsBootstrapper- Found 1 custom documentation plugin(s)
2021/01/26-13:59 [restartedMain] INFO  springfox.documentation.spring.web.scanners.ApiListingReferenceScanner- Scanning for api listing references
2021/01/26-13:59 [restartedMain] INFO  springfox.documentation.spring.web.readers.operation.CachingOperationNameGenerator- Generating unique operation named: addlsmockUsingPOST_1
2021/01/26-13:59 [restartedMain] INFO  org.springframework.boot.web.embedded.tomcat.TomcatWebServer- Tomcat started on port(s): 8011 (http) with context path ''
2021/01/26-13:59 [restartedMain] INFO  com.example.lsmock.LsmockApplication- Started LsmockApplication in 8.851 seconds (JVM running for 9.854)
2021/01/26-13:59 [http-nio-8011-exec-1] INFO  org.apache.catalina.core.ContainerBase.[Tomcat].[localhost].[/]- Initializing Spring DispatcherServlet 'dispatcherServlet'
2021/01/26-13:59 [http-nio-8011-exec-1] INFO  org.springframework.web.servlet.DispatcherServlet- Initializing Servlet 'dispatcherServlet'
2021/01/26-13:59 [http-nio-8011-exec-1] INFO  org.springframework.web.servlet.DispatcherServlet- Completed initialization in 9 ms
2021/01/26-13:59 [http-nio-8011-exec-1] INFO  com.example.lsmock.interceptor.LoginInterceptor- X-token失效
2021/01/26-13:59 [http-nio-8011-exec-3] INFO  com.example.lsmock.interceptor.LoginInterceptor- X-token失效
